[07-04-2022 01:45:36] PayPal\Core\PayPalHttpConnection: ERROR	: Not allowed to keep 'Debug' level for Live Environments. Reduced to 'INFO'
[07-04-2022 01:45:36] PayPal\Core\PayPalHttpConnection: INFO	: POST https://api.paypal.com/v1/oauth2/token
[07-04-2022 01:45:38] PayPal\Core\PayPalHttpConnection: INFO	: Response Status 	: 401
[07-04-2022 01:45:38] PayPal\Core\PayPalHttpConnection: ERROR	: Got Http response code 401 when accessing https://api.paypal.com/v1/oauth2/token. {"error":"invalid_client","error_description":"Client Authentication failed"}
[07-04-2022 22:40:48] PayPal\Core\PayPalHttpConnection : INFO: POST https://api.sandbox.paypal.com/v1/oauth2/token
[07-04-2022 22:40:50] PayPal\Core\PayPalHttpConnection : INFO: Response Status 	: 200
[07-04-2022 22:40:50] PayPal\Core\PayPalHttpConnection : INFO: POST https://api.sandbox.paypal.com/v1/payments/payment
[07-04-2022 22:40:51] PayPal\Core\PayPalHttpConnection : INFO: Response Status 	: 201
[07-04-2022 22:41:19] PayPal\Core\PayPalHttpConnection : INFO: POST https://api.sandbox.paypal.com/v1/oauth2/token
[07-04-2022 22:41:20] PayPal\Core\PayPalHttpConnection : INFO: Response Status 	: 200
[07-04-2022 22:41:20] PayPal\Core\PayPalHttpConnection : INFO: GET https://api.sandbox.paypal.com/v1/payments/payment/PAYID-MJHWQ3A53B57047UN151710P
[07-04-2022 22:41:21] PayPal\Core\PayPalHttpConnection : INFO: Response Status 	: 200
[07-04-2022 22:41:21] PayPal\Core\PayPalHttpConnection : INFO: POST https://api.sandbox.paypal.com/v1/payments/payment/PAYID-MJHWQ3A53B57047UN151710P/execute
[07-04-2022 22:41:23] PayPal\Core\PayPalHttpConnection : INFO: Response Status 	: 400
[07-04-2022 22:41:23] PayPal\Core\PayPalHttpConnection : ERROR: Got Http response code 400 when accessing https://api.sandbox.paypal.com/v1/payments/payment/PAYID-MJHWQ3A53B57047UN151710P/execute. {"name":"COMPLIANCE_VIOLATION","message":"Transaction is declined due to compliance violation.","information_link":"https://developer.paypal.com/docs/api/payments/v1/#error-COMPLIANCE_VIOLATION","debug_id":"282384f27e18e"}
[07-04-2022 22:41:45] PayPal\Core\PayPalHttpConnection : INFO: POST https://api.sandbox.paypal.com/v1/oauth2/token
[07-04-2022 22:41:45] PayPal\Core\PayPalHttpConnection : INFO: Response Status 	: 200
[07-04-2022 22:41:45] PayPal\Core\PayPalHttpConnection : INFO: GET https://api.sandbox.paypal.com/v1/payments/payment/PAYID-MJHWQ3A53B57047UN151710P
[07-04-2022 22:41:46] PayPal\Core\PayPalHttpConnection : INFO: Response Status 	: 200
[07-04-2022 22:41:46] PayPal\Core\PayPalHttpConnection : INFO: POST https://api.sandbox.paypal.com/v1/payments/payment/PAYID-MJHWQ3A53B57047UN151710P/execute
[07-04-2022 22:41:48] PayPal\Core\PayPalHttpConnection : INFO: Response Status 	: 400
[07-04-2022 22:41:48] PayPal\Core\PayPalHttpConnection : ERROR: Got Http response code 400 when accessing https://api.sandbox.paypal.com/v1/payments/payment/PAYID-MJHWQ3A53B57047UN151710P/execute. {"name":"COMPLIANCE_VIOLATION","message":"Transaction is declined due to compliance violation.","information_link":"https://developer.paypal.com/docs/api/payments/v1/#error-COMPLIANCE_VIOLATION","debug_id":"fda4d69e58be6"}
[07-04-2022 22:55:34] PayPal\Core\PayPalHttpConnection : INFO: POST https://api.sandbox.paypal.com/v1/oauth2/token
[07-04-2022 22:55:35] PayPal\Core\PayPalHttpConnection : INFO: Response Status 	: 200
[07-04-2022 22:55:35] PayPal\Core\PayPalHttpConnection : INFO: GET https://api.sandbox.paypal.com/v1/payments/payment/PAYID-MJHQRLQ7JE84164E7520305T
[07-04-2022 22:55:36] PayPal\Core\PayPalHttpConnection : INFO: Response Status 	: 200
[07-04-2022 22:55:36] PayPal\Core\PayPalHttpConnection : INFO: POST https://api.sandbox.paypal.com/v1/payments/payment/PAYID-MJHQRLQ7JE84164E7520305T/execute
[07-04-2022 22:55:38] PayPal\Core\PayPalHttpConnection : INFO: Response Status 	: 400
[07-04-2022 22:55:38] PayPal\Core\PayPalHttpConnection : ERROR: Got Http response code 400 when accessing https://api.sandbox.paypal.com/v1/payments/payment/PAYID-MJHQRLQ7JE84164E7520305T/execute. {"name":"COMPLIANCE_VIOLATION","message":"Transaction is declined due to compliance violation.","information_link":"https://developer.paypal.com/docs/api/payments/v1/#error-COMPLIANCE_VIOLATION","debug_id":"6f3b586ce65ce"}
[07-04-2022 22:57:58] PayPal\Core\PayPalHttpConnection : INFO: POST https://api.sandbox.paypal.com/v1/oauth2/token
[07-04-2022 22:57:59] PayPal\Core\PayPalHttpConnection : INFO: Response Status 	: 200
[07-04-2022 22:57:59] PayPal\Core\PayPalHttpConnection : INFO: GET https://api.sandbox.paypal.com/v1/payments/payment/PAYID-MJHWQ3A53B57047UN151710P
[07-04-2022 22:58:00] PayPal\Core\PayPalHttpConnection : INFO: Response Status 	: 200
[07-04-2022 22:58:00] PayPal\Core\PayPalHttpConnection : INFO: POST https://api.sandbox.paypal.com/v1/payments/payment/PAYID-MJHWQ3A53B57047UN151710P/execute
[07-04-2022 22:58:01] PayPal\Core\PayPalHttpConnection : INFO: Response Status 	: 400
[07-04-2022 22:58:01] PayPal\Core\PayPalHttpConnection : ERROR: Got Http response code 400 when accessing https://api.sandbox.paypal.com/v1/payments/payment/PAYID-MJHWQ3A53B57047UN151710P/execute. {"name":"COMPLIANCE_VIOLATION","message":"Transaction is declined due to compliance violation.","information_link":"https://developer.paypal.com/docs/api/payments/v1/#error-COMPLIANCE_VIOLATION","debug_id":"b24fe584e7446"}
[07-04-2022 22:58:20] PayPal\Core\PayPalHttpConnection : INFO: POST https://api.sandbox.paypal.com/v1/oauth2/token
[07-04-2022 22:58:22] PayPal\Core\PayPalHttpConnection : INFO: Response Status 	: 200
[07-04-2022 22:58:22] PayPal\Core\PayPalHttpConnection : INFO: GET https://api.sandbox.paypal.com/v1/payments/payment/PAYID-MJHWQ3A53B57047UN151710P
[07-04-2022 22:58:22] PayPal\Core\PayPalHttpConnection : INFO: Response Status 	: 200
[07-04-2022 22:58:22] PayPal\Core\PayPalHttpConnection : INFO: POST https://api.sandbox.paypal.com/v1/payments/payment/PAYID-MJHWQ3A53B57047UN151710P/execute
[07-04-2022 22:58:24] PayPal\Core\PayPalHttpConnection : INFO: Response Status 	: 400
[07-04-2022 22:58:24] PayPal\Core\PayPalHttpConnection : ERROR: Got Http response code 400 when accessing https://api.sandbox.paypal.com/v1/payments/payment/PAYID-MJHWQ3A53B57047UN151710P/execute. {"name":"COMPLIANCE_VIOLATION","message":"Transaction is declined due to compliance violation.","information_link":"https://developer.paypal.com/docs/api/payments/v1/#error-COMPLIANCE_VIOLATION","debug_id":"a475a9dac578b"}
[07-04-2022 22:58:33] PayPal\Core\PayPalHttpConnection : INFO: POST https://api.sandbox.paypal.com/v1/oauth2/token
[07-04-2022 22:58:34] PayPal\Core\PayPalHttpConnection : INFO: Response Status 	: 200
[07-04-2022 22:58:34] PayPal\Core\PayPalHttpConnection : INFO: GET https://api.sandbox.paypal.com/v1/payments/payment/PAYID-MJHWQ3A53B57047UN151710P
[07-04-2022 22:58:34] PayPal\Core\PayPalHttpConnection : INFO: Response Status 	: 200
[07-04-2022 22:58:34] PayPal\Core\PayPalHttpConnection : INFO: POST https://api.sandbox.paypal.com/v1/payments/payment/PAYID-MJHWQ3A53B57047UN151710P/execute
[07-04-2022 22:58:37] PayPal\Core\PayPalHttpConnection : INFO: Response Status 	: 400
[07-04-2022 22:58:37] PayPal\Core\PayPalHttpConnection : ERROR: Got Http response code 400 when accessing https://api.sandbox.paypal.com/v1/payments/payment/PAYID-MJHWQ3A53B57047UN151710P/execute. {"name":"COMPLIANCE_VIOLATION","message":"Transaction is declined due to compliance violation.","information_link":"https://developer.paypal.com/docs/api/payments/v1/#error-COMPLIANCE_VIOLATION","debug_id":"6a415d034554f"}
[07-04-2022 23:12:56] PayPal\Core\PayPalHttpConnection : INFO: POST https://api.sandbox.paypal.com/v1/oauth2/token
[07-04-2022 23:12:57] PayPal\Core\PayPalHttpConnection : INFO: Response Status 	: 200
[07-04-2022 23:12:57] PayPal\Core\PayPalHttpConnection : INFO: GET https://api.sandbox.paypal.com/v1/payments/payment/PAYID-MJHWQ3A53B57047UN151710P
[07-04-2022 23:12:59] PayPal\Core\PayPalHttpConnection : INFO: Response Status 	: 200
[07-04-2022 23:12:59] PayPal\Core\PayPalHttpConnection : INFO: POST https://api.sandbox.paypal.com/v1/payments/payment/PAYID-MJHWQ3A53B57047UN151710P/execute
[07-04-2022 23:13:01] PayPal\Core\PayPalHttpConnection : INFO: Response Status 	: 400
[07-04-2022 23:13:01] PayPal\Core\PayPalHttpConnection : ERROR: Got Http response code 400 when accessing https://api.sandbox.paypal.com/v1/payments/payment/PAYID-MJHWQ3A53B57047UN151710P/execute. {"name":"COMPLIANCE_VIOLATION","message":"Transaction is declined due to compliance violation.","information_link":"https://developer.paypal.com/docs/api/payments/v1/#error-COMPLIANCE_VIOLATION","debug_id":"23dd52f6f4568"}
[07-04-2022 23:15:55] PayPal\Core\PayPalHttpConnection : INFO: POST https://api.sandbox.paypal.com/v1/oauth2/token
[07-04-2022 23:15:56] PayPal\Core\PayPalHttpConnection : INFO: Response Status 	: 200
[07-04-2022 23:15:56] PayPal\Core\PayPalHttpConnection : INFO: GET https://api.sandbox.paypal.com/v1/payments/payment/PAYID-MJHWQ3A53B57047UN151710P
[07-04-2022 23:15:57] PayPal\Core\PayPalHttpConnection : INFO: Response Status 	: 200
[07-04-2022 23:16:44] PayPal\Core\PayPalHttpConnection : INFO: POST https://api.sandbox.paypal.com/v1/oauth2/token
[07-04-2022 23:16:45] PayPal\Core\PayPalHttpConnection : INFO: Response Status 	: 200
[07-04-2022 23:16:45] PayPal\Core\PayPalHttpConnection : INFO: GET https://api.sandbox.paypal.com/v1/payments/payment/PAYID-MJHWQ3A53B57047UN151710P
[07-04-2022 23:16:45] PayPal\Core\PayPalHttpConnection : INFO: Response Status 	: 200
[07-04-2022 23:21:16] PayPal\Core\PayPalHttpConnection : INFO: POST https://api.sandbox.paypal.com/v1/oauth2/token
[07-04-2022 23:21:17] PayPal\Core\PayPalHttpConnection : INFO: Response Status 	: 200
[07-04-2022 23:21:17] PayPal\Core\PayPalHttpConnection : INFO: GET https://api.sandbox.paypal.com/v1/payments/payment/PAYID-MJHWQ3A53B57047UN151710P
[07-04-2022 23:21:18] PayPal\Core\PayPalHttpConnection : INFO: Response Status 	: 200
[07-04-2022 23:21:18] PayPal\Core\PayPalHttpConnection : INFO: POST https://api.sandbox.paypal.com/v1/payments/payment/PAYID-MJHWQ3A53B57047UN151710P/execute
[07-04-2022 23:21:20] PayPal\Core\PayPalHttpConnection : INFO: Response Status 	: 400
[07-04-2022 23:21:20] PayPal\Core\PayPalHttpConnection : ERROR: Got Http response code 400 when accessing https://api.sandbox.paypal.com/v1/payments/payment/PAYID-MJHWQ3A53B57047UN151710P/execute. {"name":"COMPLIANCE_VIOLATION","message":"Transaction is declined due to compliance violation.","information_link":"https://developer.paypal.com/docs/api/payments/v1/#error-COMPLIANCE_VIOLATION","debug_id":"feac622c83f7c"}
